2024-12-08 04:27:52 - [Backend] - INFO - Se reiniciaron los logs diarios
2024-12-08 04:27:53 - [Backend] - INFO - Hora de ejecucion del scraper Seeder: 7:24:08 AM
2024-12-08 04:27:53 - [Backend] - INFO - Hora de ejecucion del scraper Historico: 2:16:15 PM
2024-12-08 04:27:53 - [Backend] - INFO - Hora de ejecucion del scraper Expediente: 5:03:25 PM
2024-12-08 04:27:54 - [Backend] - INFO - Aplicación inciada correctamente
2024-12-08 04:27:55 - [Backend] - INFO - Unable to connect to the database 
2024-12-08 13:59:15 - [Backend] - INFO - Se reiniciaron los logs diarios
2024-12-08 13:59:15 - [Backend] - INFO - Hora de ejecucion del scraper Seeder: 4:39:45 PM
2024-12-08 13:59:15 - [Backend] - INFO - Hora de ejecucion del scraper Historico: 6:42:37 PM
2024-12-08 13:59:15 - [Backend] - INFO - Hora de ejecucion del scraper Expediente: 11:30:55 PM
2024-12-08 13:59:17 - [Backend] - INFO - Aplicación inciada correctamente
2024-12-08 13:59:17 - [Backend] - INFO - Unable to connect to the database 
2024-12-08 14:08:56 - [Backend] - INFO - Se reiniciaron los logs diarios
2024-12-08 14:08:56 - [Backend] - INFO - Hora de ejecucion del scraper Seeder: 4:43:01 PM
2024-12-08 14:08:56 - [Backend] - INFO - Hora de ejecucion del scraper Historico: 7:05:25 PM
2024-12-08 14:08:56 - [Backend] - INFO - Hora de ejecucion del scraper Expediente: 11:00:31 PM
2024-12-08 14:08:58 - [Backend] - INFO - Aplicación inciada correctamente
2024-12-08 14:08:59 - [Backend] - INFO - Unable to connect to the database 
2024-12-08 14:09:43 - [Backend] - INFO - Se reiniciaron los logs diarios
2024-12-08 14:09:43 - [Backend] - INFO - Hora de ejecucion del scraper Seeder: 3:38:37 PM
2024-12-08 14:09:43 - [Backend] - INFO - Hora de ejecucion del scraper Historico: 6:36:39 PM
2024-12-08 14:09:43 - [Backend] - INFO - Hora de ejecucion del scraper Expediente: 10:38:59 PM
2024-12-08 14:09:45 - [Backend] - INFO - Aplicación inciada correctamente
2024-12-08 14:09:45 - [Backend] - INFO - Unable to connect to the database 
2024-12-08 14:10:03 - [Backend] - INFO - Se reiniciaron los logs diarios
2024-12-08 14:10:04 - [Backend] - INFO - Hora de ejecucion del scraper Seeder: 4:15:31 PM
2024-12-08 14:10:04 - [Backend] - INFO - Hora de ejecucion del scraper Historico: 8:10:13 PM
2024-12-08 14:10:04 - [Backend] - INFO - Hora de ejecucion del scraper Expediente: 11:46:14 PM
2024-12-08 14:10:05 - [Backend] - INFO - Aplicación inciada correctamente
2024-12-08 14:10:06 - [Backend] - INFO - Unable to connect to the database 
2024-12-08 14:10:21 - [Backend] - INFO - Se reiniciaron los logs diarios
2024-12-08 14:10:22 - [Backend] - INFO - Hora de ejecucion del scraper Seeder: 3:01:25 PM
2024-12-08 14:10:22 - [Backend] - INFO - Hora de ejecucion del scraper Historico: 7:13:17 PM
2024-12-08 14:10:22 - [Backend] - INFO - Hora de ejecucion del scraper Expediente: 9:49:29 PM
2024-12-08 14:10:23 - [Backend] - INFO - Aplicación inciada correctamente
2024-12-08 14:10:23 - [Backend] - INFO - Unable to connect to the database 
2024-12-08 14:10:57 - [Backend] - INFO - Se reiniciaron los logs diarios
2024-12-08 14:10:57 - [Backend] - INFO - Hora de ejecucion del scraper Seeder: 5:01:10 PM
2024-12-08 14:10:57 - [Backend] - INFO - Hora de ejecucion del scraper Historico: 7:27:48 PM
2024-12-08 14:10:57 - [Backend] - INFO - Hora de ejecucion del scraper Expediente: 10:02:49 PM
2024-12-08 14:10:59 - [Backend] - INFO - Aplicación inciada correctamente
2024-12-08 14:11:00 - [Backend] - INFO - Unable to connect to the database 
2024-12-08 14:12:06 - [Backend] - INFO - Se reiniciaron los logs diarios
2024-12-08 14:12:07 - [Backend] - INFO - Hora de ejecucion del scraper Seeder: 4:25:25 PM
2024-12-08 14:12:07 - [Backend] - INFO - Hora de ejecucion del scraper Historico: 8:31:29 PM
2024-12-08 14:12:07 - [Backend] - INFO - Hora de ejecucion del scraper Expediente: 10:34:50 PM
2024-12-08 14:12:08 - [Backend] - INFO - Aplicación inciada correctamente
2024-12-08 14:12:08 - [Backend] - INFO - Unable to connect to the database 
2024-12-08 14:12:35 - [Backend] - INFO - Se reiniciaron los logs diarios
2024-12-08 14:12:35 - [Backend] - INFO - Hora de ejecucion del scraper Seeder: 4:26:48 PM
2024-12-08 14:12:35 - [Backend] - INFO - Hora de ejecucion del scraper Historico: 8:39:11 PM
2024-12-08 14:12:35 - [Backend] - INFO - Hora de ejecucion del scraper Expediente: 10:49:48 PM
2024-12-08 14:12:37 - [Backend] - INFO - Aplicación inciada correctamente
2024-12-08 14:12:37 - [Backend] - INFO - Unable to connect to the database 
2024-12-08 14:13:04 - [Backend] - INFO - Se reiniciaron los logs diarios
2024-12-08 14:13:04 - [Backend] - INFO - Hora de ejecucion del scraper Seeder: 2:59:42 PM
2024-12-08 14:13:04 - [Backend] - INFO - Hora de ejecucion del scraper Historico: 8:22:45 PM
2024-12-08 14:13:04 - [Backend] - INFO - Hora de ejecucion del scraper Expediente: 10:58:56 PM
2024-12-08 14:13:05 - [Backend] - INFO - Aplicación inciada correctamente
2024-12-08 14:13:06 - [Backend] - INFO - Unable to connect to the database 
2024-12-08 14:20:07 - [Backend] - INFO - Se reiniciaron los logs diarios
2024-12-08 14:20:08 - [Backend] - INFO - Hora de ejecucion del scraper Seeder: 3:44:27 PM
2024-12-08 14:20:08 - [Backend] - INFO - Hora de ejecucion del scraper Historico: 7:15:57 PM
2024-12-08 14:20:08 - [Backend] - INFO - Hora de ejecucion del scraper Expediente: 9:18:34 PM
2024-12-08 14:20:10 - [Backend] - INFO - Aplicación inciada correctamente
2024-12-08 14:20:10 - [Backend] - INFO - Unable to connect to the database 
2024-12-08 14:28:01 - [Backend] - INFO - Se reiniciaron los logs diarios
2024-12-08 14:28:01 - [Backend] - INFO - Hora de ejecucion del scraper Seeder: 3:53:33 PM
2024-12-08 14:28:01 - [Backend] - INFO - Hora de ejecucion del scraper Historico: 6:38:17 PM
2024-12-08 14:28:01 - [Backend] - INFO - Hora de ejecucion del scraper Expediente: 9:11:50 PM
2024-12-08 14:28:03 - [Backend] - INFO - Aplicación inciada correctamente
2024-12-08 14:28:04 - [Backend] - INFO - Unable to connect to the database 
2024-12-08 15:14:02 - [Backend] - INFO - Se reiniciaron los logs diarios
2024-12-08 15:14:03 - [Backend] - INFO - Hora de ejecucion del scraper Seeder: 5:32:53 PM
2024-12-08 15:14:03 - [Backend] - INFO - Hora de ejecucion del scraper Historico: 7:42:01 PM
2024-12-08 15:14:03 - [Backend] - INFO - Hora de ejecucion del scraper Expediente: 10:45:15 PM
2024-12-08 15:14:05 - [Backend] - INFO - Aplicación inciada correctamente
2024-12-08 15:14:05 - [Backend] - INFO - Unable to connect to the database 
2024-12-08 15:16:22 - [Backend] - INFO - Se reiniciaron los logs diarios
2024-12-08 15:16:22 - [Backend] - INFO - Hora de ejecucion del scraper Seeder: 5:13:08 PM
2024-12-08 15:16:22 - [Backend] - INFO - Hora de ejecucion del scraper Historico: 7:51:29 PM
2024-12-08 15:16:22 - [Backend] - INFO - Hora de ejecucion del scraper Expediente: 10:34:12 PM
2024-12-08 15:16:24 - [Backend] - INFO - Aplicación inciada correctamente
2024-12-08 15:16:24 - [Backend] - INFO - Unable to connect to the database 
2024-12-08 15:19:07 - [Backend] - INFO - Se reiniciaron los logs diarios
2024-12-08 15:19:07 - [Backend] - INFO - Hora de ejecucion del scraper Seeder: 5:53:42 PM
2024-12-08 15:19:07 - [Backend] - INFO - Hora de ejecucion del scraper Historico: 9:01:05 PM
2024-12-08 15:19:07 - [Backend] - INFO - Hora de ejecucion del scraper Expediente: 11:14:21 PM
2024-12-08 15:19:09 - [Backend] - INFO - Aplicación inciada correctamente
2024-12-08 15:19:10 - [Backend] - INFO - Unable to connect to the database 
2024-12-08 15:19:32 - [Backend] - INFO - Se reiniciaron los logs diarios
2024-12-08 15:19:32 - [Backend] - INFO - Hora de ejecucion del scraper Seeder: 4:54:22 PM
2024-12-08 15:19:32 - [Backend] - INFO - Hora de ejecucion del scraper Historico: 8:53:43 PM
2024-12-08 15:19:32 - [Backend] - INFO - Hora de ejecucion del scraper Expediente: 11:32:46 PM
2024-12-08 15:19:34 - [Backend] - INFO - Aplicación inciada correctamente
2024-12-08 15:19:34 - [Backend] - INFO - Unable to connect to the database 
2024-12-08 15:20:21 - [Backend] - INFO - Se reiniciaron los logs diarios
2024-12-08 15:20:21 - [Backend] - INFO - Hora de ejecucion del scraper Seeder: 3:31:39 PM
2024-12-08 15:20:21 - [Backend] - INFO - Hora de ejecucion del scraper Historico: 7:46:59 PM
2024-12-08 15:20:21 - [Backend] - INFO - Hora de ejecucion del scraper Expediente: 11:35:14 PM
2024-12-08 15:20:23 - [Backend] - INFO - Aplicación inciada correctamente
2024-12-08 15:20:23 - [Backend] - INFO - Unable to connect to the database 
2024-12-08 15:25:34 - [Backend] - INFO - Se reiniciaron los logs diarios
2024-12-08 15:25:34 - [Backend] - INFO - Hora de ejecucion del scraper Seeder: 4:08:42 PM
2024-12-08 15:25:34 - [Backend] - INFO - Hora de ejecucion del scraper Historico: 7:02:08 PM
2024-12-08 15:25:34 - [Backend] - INFO - Hora de ejecucion del scraper Expediente: 9:05:16 PM
2024-12-08 15:25:36 - [Backend] - INFO - Aplicación inciada correctamente
2024-12-08 15:25:37 - [Backend] - INFO - Unable to connect to the database 
2024-12-08 15:40:03 - [Backend] - INFO - Se reiniciaron los logs diarios
2024-12-08 15:40:03 - [Backend] - INFO - Hora de ejecucion del scraper Seeder: 4:44:55 PM
2024-12-08 15:40:03 - [Backend] - INFO - Hora de ejecucion del scraper Historico: 7:08:00 PM
2024-12-08 15:40:03 - [Backend] - INFO - Hora de ejecucion del scraper Expediente: 11:21:25 PM
2024-12-08 15:40:05 - [Backend] - INFO - Aplicación inciada correctamente
2024-12-08 15:40:05 - [Backend] - INFO - Unable to connect to the database 
